/*C3*/SET SCHEMA PUBLIC
INSERT INTO BANKS VALUES(31,4,1)
ALTER SEQUENCE PUBLIC.HIBERNATE_SEQUENCE RESTART WITH 32
COMMIT
INSERT INTO PAYMENT_SCHEDULE VALUES(32,66666.67E0,'2021-02-02 00:00:00.000000',71666.67E0,5000.0E0)
ALTER SEQUENCE PUBLIC.HIBERNATE_SEQUENCE RESTART WITH 33
COMMIT
INSERT INTO CREDIT_OFFERS VALUES(33,31,1000000,1,4,32)
ALTER SEQUENCE PUBLIC.HIBERNATE_SEQUENCE RESTART WITH 34
COMMIT
INSERT INTO PAYMENT_SCHEDULE VALUES(34,66666.67E0,'2021-03-02 00:00:00.000000',71218.76E0,4552.09E0)
ALTER SEQUENCE PUBLIC.HIBERNATE_SEQUENCE RESTART WITH 35
COMMIT
INSERT INTO CREDIT_OFFERS VALUES(35,31,1000000,1,4,34)
ALTER SEQUENCE PUBLIC.HIBERNATE_SEQUENCE RESTART WITH 36
COMMIT
INSERT INTO PAYMENT_SCHEDULE VALUES(36,66666.67E0,'2021-04-02 00:00:00.000000',70773.64E0,4106.97E0)
ALTER SEQUENCE PUBLIC.HIBERNATE_SEQUENCE RESTART WITH 37
COMMIT
INSERT INTO CREDIT_OFFERS VALUES(37,31,1000000,1,4,36)
ALTER SEQUENCE PUBLIC.HIBERNATE_SEQUENCE RESTART WITH 38
COMMIT
INSERT INTO PAYMENT_SCHEDULE VALUES(38,66666.67E0,'2021-05-02 00:00:00.000000',70331.31E0,3664.64E0)
ALTER SEQUENCE PUBLIC.HIBERNATE_SEQUENCE RESTART WITH 39
COMMIT
INSERT INTO CREDIT_OFFERS VALUES(39,31,1000000,1,4,38)
ALTER SEQUENCE PUBLIC.HIBERNATE_SEQUENCE RESTART WITH 40
COMMIT
INSERT INTO PAYMENT_SCHEDULE VALUES(40,66666.67E0,'2021-06-02 00:00:00.000000',69891.75E0,3225.07E0)
ALTER SEQUENCE PUBLIC.HIBERNATE_SEQUENCE RESTART WITH 41
COMMIT
INSERT INTO CREDIT_OFFERS VALUES(41,31,1000000,1,4,40)
ALTER SEQUENCE PUBLIC.HIBERNATE_SEQUENCE RESTART WITH 42
COMMIT
INSERT INTO PAYMENT_SCHEDULE VALUES(42,66666.67E0,'2021-07-02 00:00:00.000000',69454.91E0,2788.24E0)
ALTER SEQUENCE PUBLIC.HIBERNATE_SEQUENCE RESTART WITH 43
COMMIT
INSERT INTO CREDIT_OFFERS VALUES(43,31,1000000,1,4,42)
ALTER SEQUENCE PUBLIC.HIBERNATE_SEQUENCE RESTART WITH 44
COMMIT
INSERT INTO PAYMENT_SCHEDULE VALUES(44,66666.67E0,'2021-08-02 00:00:00.000000',69020.82E0,2354.15E0)
ALTER SEQUENCE PUBLIC.HIBERNATE_SEQUENCE RESTART WITH 45
COMMIT
INSERT INTO CREDIT_OFFERS VALUES(45,31,1000000,1,4,44)
ALTER SEQUENCE PUBLIC.HIBERNATE_SEQUENCE RESTART WITH 46
COMMIT
INSERT INTO PAYMENT_SCHEDULE VALUES(46,66666.67E0,'2021-09-02 00:00:00.000000',68589.44E0,1922.77E0)
ALTER SEQUENCE PUBLIC.HIBERNATE_SEQUENCE RESTART WITH 47
COMMIT
INSERT INTO CREDIT_OFFERS VALUES(47,31,1000000,1,4,46)
ALTER SEQUENCE PUBLIC.HIBERNATE_SEQUENCE RESTART WITH 48
COMMIT
INSERT INTO PAYMENT_SCHEDULE VALUES(48,66666.67E0,'2021-10-02 00:00:00.000000',68160.75E0,1494.08E0)
ALTER SEQUENCE PUBLIC.HIBERNATE_SEQUENCE RESTART WITH 49
COMMIT
INSERT INTO CREDIT_OFFERS VALUES(49,31,1000000,1,4,48)
ALTER SEQUENCE PUBLIC.HIBERNATE_SEQUENCE RESTART WITH 50
COMMIT
INSERT INTO PAYMENT_SCHEDULE VALUES(50,66666.67E0,'2021-11-02 00:00:00.000000',67734.75E0,1068.08E0)
ALTER SEQUENCE PUBLIC.HIBERNATE_SEQUENCE RESTART WITH 51
COMMIT
INSERT INTO CREDIT_OFFERS VALUES(51,31,1000000,1,4,50)
ALTER SEQUENCE PUBLIC.HIBERNATE_SEQUENCE RESTART WITH 52
COMMIT
INSERT INTO PAYMENT_SCHEDULE VALUES(52,66666.67E0,'2021-12-02 00:00:00.000000',67311.41E0,644.74E0)
ALTER SEQUENCE PUBLIC.HIBERNATE_SEQUENCE RESTART WITH 53
COMMIT
INSERT INTO CREDIT_OFFERS VALUES(53,31,1000000,1,4,52)
ALTER SEQUENCE PUBLIC.HIBERNATE_SEQUENCE RESTART WITH 54
COMMIT
INSERT INTO PAYMENT_SCHEDULE VALUES(54,66666.67E0,'2022-01-02 00:00:00.000000',66890.71E0,224.04E0)
ALTER SEQUENCE PUBLIC.HIBERNATE_SEQUENCE RESTART WITH 55
COMMIT
INSERT INTO CREDIT_OFFERS VALUES(55,31,1000000,1,4,54)
ALTER SEQUENCE PUBLIC.HIBERNATE_SEQUENCE RESTART WITH 56
COMMIT
